<?xml version="1.0" encoding="utf-8"?><testsuites name="pytest tests"><testsuite name="pytest" errors="0" failures="0" skipped="0" tests="11" time="6.430" timestamp="2026-07-13T12:44:40.392766+00:00" hostname="agent-env-f8988084-f1b8-488b-b9be-ddb3c0e62dae"><testcase classname="tests.test_pdf_export_turkish" name="test_api_root_health" time="0.213" /><testcase classname="tests.test_pdf_export_turkish" name="test_export_pdf_returns_valid_pdf" time="0.584" /><testcase classname="tests.test_pdf_export_turkish" name="test_export_pdf_contains_turkish_characters" time="0.446" /><testcase classname="tests.test_pdf_export_turkish" name="test_export_pdf_lowercase_and_uppercase_turkish_glyphs" time="0.429" /><testcase classname="tests.test_pdf_export_turkish" name="test_export_pdf_no_fallback_replacement_glyphs" time="0.433" /><testcase classname="tests.test_pdf_export_turkish" name="test_export_pdf_with_filters[params0]" time="0.389" /><testcase classname="tests.test_pdf_export_turkish" name="test_export_pdf_with_filters[params1]" time="0.131" /><testcase classname="tests.test_pdf_export_turkish" name="test_export_pdf_with_filters[params2]" time="0.414" /><testcase classname="tests.test_pdf_export_turkish" name="test_export_pdf_with_filters[params3]" time="0.421" /><testcase classname="tests.test_pdf_export_turkish" name="test_export_pdf_with_marka_and_danisman_filter" time="1.666" /><testcase classname="tests.test_pdf_export_turkish" name="test_export_excel_returns_xlsx_with_three_sheets" time="0.304" /></testsuite></testsuites>