<?xml version="1.0" encoding="utf-8"?><testsuites name="pytest tests"><testsuite name="pytest" errors="0" failures="0" skipped="0" tests="4" time="4.061" timestamp="2026-07-13T13:13:28.071137+00:00" hostname="agent-env-f8988084-f1b8-488b-b9be-ddb3c0e62dae"><testcase classname="tests.test_upload_month" name="test_upload_with_year_month_stamps_created_at" time="1.418" /><testcase classname="tests.test_upload_month" name="test_upload_without_year_month_uses_current_datetime" time="0.762" /><testcase classname="tests.test_upload_month" name="test_upload_invalid_month_returns_400" time="0.146" /><testcase classname="tests.test_upload_month" name="test_stats_reflects_uploaded_batch" time="0.708" /></testsuite></testsuites>